server listening on port  8029
Executing (default): CREATE TABLE IF NOT EXISTS `user` (`id` VARCHAR(45) NOT NULL UNIQUE , `name` VARCHAR(45) NOT NULL, `password` VARCHAR(1000) NOT NULL, `email` VARCHAR(45) NOT NULL UNIQUE, PRIMARY KEY (`id`)) ENGINE=InnoDB DEFAULT CHARSET=utf8 COLLATE utf8_general_ci;
Executing (default): SHOW INDEX FROM `user` FROM `web29`
Executing (default): CREATE TABLE IF NOT EXISTS `post` (`number` INTEGER UNSIGNED auto_increment , `id` VARCHAR(45), `date` DATETIME, `contents` VARCHAR(100) NOT NULL, PRIMARY KEY (`number`)) ENGINE=InnoDB DEFAULT CHARSET=utf8 COLLATE utf8_general_ci;
Executing (default): SHOW INDEX FROM `post` FROM `web29`
Executing (default): CREATE TABLE IF NOT EXISTS `image` (`number` INTEGER UNSIGNED auto_increment , `img1` VARCHAR(100), `img2` VARCHAR(100), `img3` VARCHAR(100), `img4` VARCHAR(100), `img5` VARCHAR(100), PRIMARY KEY (`number`)) ENGINE=InnoDB DEFAULT CHARSET=utf8 COLLATE utf8_general_ci;
Executing (default): SHOW INDEX FROM `image` FROM `web29`
Executing (default): CREATE TABLE IF NOT EXISTS `follow` (`number` INTEGER UNSIGNED auto_increment , `following_id` VARCHAR(100) NOT NULL, `followed_id` VARCHAR(100) NOT NULL, PRIMARY KEY (`number`)) ENGINE=InnoDB DEFAULT CHARSET=utf8 COLLATE utf8_general_ci;
Executing (default): SHOW INDEX FROM `follow` FROM `web29`
db연결
Executing (default): SELECT `id`, `name`, `password`, `email` FROM `user` AS `User` WHERE `User`.`email` = 'dkswhdgnsvv@gmail.com';
Executing (default): SELECT `id`, `name`, `password`, `email` FROM `user` AS `User` WHERE `User`.`email` = 'dkswhdgnsvv@gmail.com';
true
Executing (default): SELECT `id`, `name`, `password`, `email` FROM `user` AS `User` WHERE `User`.`id` = 'jonghun';
Executing (default): SELECT count(*) AS `count` FROM `post` AS `Post`;
Executing (default): SELECT `id`, `name`, `password`, `email` FROM `user` AS `User` WHERE `User`.`id` = 'jonghun';
Executing (default): SELECT `number`, `id`, `date`, `contents` FROM `post` AS `Post` LIMIT 0, 9;
Executing (default): SELECT `id`, `name`, `password`, `email` FROM `user` AS `User` WHERE `User`.`id` = 'jonghun';
0
Executing (default): SELECT `number`, `img1`, `img2`, `img3`, `img4`, `img5` FROM `image` AS `Image` LIMIT 0, 9;
Executing (default): SELECT `id`, `name`, `password`, `email` FROM `user` AS `User` WHERE `User`.`id` = 'jonghun';
Executing (default): SELECT `id`, `name`, `password`, `email` FROM `user` AS `User` WHERE `User`.`id` = 'jonghun';
{ image: '7_oldstuff_tr.png' }
test 7_oldstuff_tr.png
{ image: '14_add_to_favorites_tr.png' }
test 14_add_to_favorites_tr.png
Executing (default): SELECT `id`, `name`, `password`, `email` FROM `user` AS `User` WHERE `User`.`id` = 'jonghun';
Executing (default): SELECT `id`, `name`, `password`, `email` FROM `user` AS `User` WHERE `User`.`id` = 'jonghun';
Executing (default): SELECT `id`, `name`, `password`, `email` FROM `user` AS `User` WHERE `User`.`id` = 'jonghun';
{ image: 'yejin.png' }
test yejin.png
Executing (default): SELECT `id`, `name`, `password`, `email` FROM `user` AS `User` WHERE `User`.`id` = 'jonghun';
{ image: 'contactRightPanel.png' }
test contactRightPanel.png
{ image: 'HeaderLogo.png' }
test HeaderLogo.png
{ image: 'loginImage.png' }
test loginImage.png
Executing (default): SELECT `id`, `name`, `password`, `email` FROM `user` AS `User` WHERE `User`.`id` = 'jonghun';
{ image: 'taebin.png' }
test taebin.png
Executing (default): SELECT `id`, `name`, `password`, `email` FROM `user` AS `User` WHERE `User`.`id` = 'jonghun';
{ image: '20152300_안종훈_3-1.png' }
test 20152300_안종훈_3-1.png
Executing (default): SELECT `id`, `name`, `password`, `email` FROM `user` AS `User` WHERE `User`.`id` = 'jonghun';
Executing (default): INSERT INTO `image` (`number`,`img1`) VALUES (DEFAULT,?);
Executing (default): SELECT `id`, `name`, `password`, `email` FROM `user` AS `User` WHERE `User`.`id` = 'jonghun';
Executing (default): INSERT INTO `post` (`number`,`id`,`date`,`contents`) VALUES (DEFAULT,?,?,?);
Executing (default): SELECT `id`, `name`, `password`, `email` FROM `user` AS `User` WHERE `User`.`id` = 'jonghun';
Executing (default): SELECT count(*) AS `count` FROM `post` AS `Post`;
Executing (default): SELECT `id`, `name`, `password`, `email` FROM `user` AS `User` WHERE `User`.`id` = 'jonghun';
Executing (default): SELECT `number`, `id`, `date`, `contents` FROM `post` AS `Post` LIMIT 0, 9;
Executing (default): SELECT `id`, `name`, `password`, `email` FROM `user` AS `User` WHERE `User`.`id` = 'jonghun';
0
Executing (default): SELECT `number`, `img1`, `img2`, `img3`, `img4`, `img5` FROM `image` AS `Image` LIMIT 0, 9;
Executing (default): SELECT `id`, `name`, `password`, `email` FROM `user` AS `User` WHERE `User`.`id` = 'jonghun';
{ image: '7_oldstuff_tr.png' }
test 7_oldstuff_tr.png
Executing (default): SELECT `id`, `name`, `password`, `email` FROM `user` AS `User` WHERE `User`.`id` = 'jonghun';
Executing (default): SELECT `id`, `name`, `password`, `email` FROM `user` AS `User` WHERE `User`.`id` = 'jonghun';
{ image: '14_add_to_favorites_tr.png' }
test 14_add_to_favorites_tr.png
Executing (default): SELECT `id`, `name`, `password`, `email` FROM `user` AS `User` WHERE `User`.`id` = 'jonghun';
{ image: 'yejin.png' }
test yejin.png
Executing (default): SELECT `id`, `name`, `password`, `email` FROM `user` AS `User` WHERE `User`.`id` = 'jonghun';
{ image: 'contactRightPanel.png' }
test contactRightPanel.png
Executing (default): SELECT `id`, `name`, `password`, `email` FROM `user` AS `User` WHERE `User`.`id` = 'jonghun';
{ image: 'HeaderLogo.png' }
test HeaderLogo.png
{ image: 'loginImage.png' }
test loginImage.png
Executing (default): SELECT `id`, `name`, `password`, `email` FROM `user` AS `User` WHERE `User`.`id` = 'jonghun';
{ image: 'taebin.png' }
test taebin.png
Executing (default): SELECT `id`, `name`, `password`, `email` FROM `user` AS `User` WHERE `User`.`id` = 'jonghun';
{ image: '20152300_안종훈_3-1.png' }
test 20152300_안종훈_3-1.png
Executing (default): SELECT `id`, `name`, `password`, `email` FROM `user` AS `User` WHERE `User`.`id` = 'jonghun';
Executing (default): SELECT count(*) AS `count` FROM `post` AS `Post`;
Executing (default): SELECT `id`, `name`, `password`, `email` FROM `user` AS `User` WHERE `User`.`id` = 'jonghun';
Executing (default): SELECT `number`, `id`, `date`, `contents` FROM `post` AS `Post` LIMIT 9, 9;
Executing (default): SELECT `id`, `name`, `password`, `email` FROM `user` AS `User` WHERE `User`.`id` = 'jonghun';
1
Executing (default): SELECT `number`, `img1`, `img2`, `img3`, `img4`, `img5` FROM `image` AS `Image` LIMIT 9, 9;
Executing (default): SELECT `id`, `name`, `password`, `email` FROM `user` AS `User` WHERE `User`.`id` = 'jonghun';
Executing (default): SELECT `id`, `name`, `password`, `email` FROM `user` AS `User` WHERE `User`.`id` = 'jonghun';
{ image: '20152300_안종훈_2-4.png' }
test 20152300_안종훈_2-4.png
Executing (default): SELECT `id`, `name`, `password`, `email` FROM `user` AS `User` WHERE `User`.`id` = 'jonghun';
Executing (default): SELECT `id`, `name`, `password`, `email` FROM `user` AS `User` WHERE `User`.`id` = 'jonghun';
{ image: 'signupImage.png' }
test signupImage.png
{ image: 'tekapo.png' }
test tekapo.png
{ image: '20152300_안종훈_1.png' }
test 20152300_안종훈_1.png
Executing (default): SELECT `id`, `name`, `password`, `email` FROM `user` AS `User` WHERE `User`.`id` = 'jonghun';
Executing (default): SELECT count(*) AS `count` FROM `post` AS `Post`;
Executing (default): SELECT `id`, `name`, `password`, `email` FROM `user` AS `User` WHERE `User`.`id` = 'jonghun';
Executing (default): SELECT `number`, `id`, `date`, `contents` FROM `post` AS `Post` LIMIT 9, 9;
Executing (default): SELECT `id`, `name`, `password`, `email` FROM `user` AS `User` WHERE `User`.`id` = 'jonghun';
1
Executing (default): SELECT `number`, `img1`, `img2`, `img3`, `img4`, `img5` FROM `image` AS `Image` LIMIT 9, 9;
Executing (default): SELECT `id`, `name`, `password`, `email` FROM `user` AS `User` WHERE `User`.`id` = 'jonghun';
Executing (default): SELECT count(*) AS `count` FROM `post` AS `Post`;
Executing (default): SELECT `id`, `name`, `password`, `email` FROM `user` AS `User` WHERE `User`.`id` = 'jonghun';
Executing (default): SELECT `number`, `id`, `date`, `contents` FROM `post` AS `Post` LIMIT 0, 9;
Executing (default): SELECT `id`, `name`, `password`, `email` FROM `user` AS `User` WHERE `User`.`id` = 'jonghun';
0
Executing (default): SELECT `number`, `img1`, `img2`, `img3`, `img4`, `img5` FROM `image` AS `Image` LIMIT 0, 9;
Executing (default): SELECT `id`, `name`, `password`, `email` FROM `user` AS `User` WHERE `User`.`id` = 'jonghun';
jonghun
Executing (default): SELECT count(*) AS `count` FROM `follow` AS `Follow` WHERE `Follow`.`following_id` = 'jonghun';
7
Executing (default): SELECT `id`, `name`, `password`, `email` FROM `user` AS `User` WHERE `User`.`id` = 'jonghun';
jonghun
Executing (default): SELECT count(*) AS `count` FROM `follow` AS `Follow` WHERE `Follow`.`followed_id` = 'jonghun';
1
Executing (default): SELECT `id`, `name`, `password`, `email` FROM `user` AS `User` WHERE `User`.`id` = 'jonghun';
Executing (default): SELECT `id`, `name`, `password`, `email` FROM `user` AS `User` WHERE `User`.`id` = 'jonghun';
Executing (default): SELECT `id`, `name`, `password`, `email` FROM `user` AS `User` WHERE `User`.`id` = 'jonghun';
Executing (default): SELECT `id`, `name`, `password`, `email` FROM `user` AS `User` WHERE `User`.`id` = 'jonghun';
Executing (default): SELECT `id`, `name`, `password`, `email` FROM `user` AS `User` WHERE `User`.`id` = 'jonghun';
Executing (default): SELECT `id`, `name`, `password`, `email` FROM `user` AS `User` WHERE `User`.`id` = 'jonghun';
Executing (default): SELECT `id`, `name`, `password`, `email` FROM `user` AS `User` WHERE `User`.`id` = 'jonghun';
